<?xml version="1.0" encoding="utf-8"?><testsuites name="pytest tests"><testsuite name="pytest" errors="0" failures="0" skipped="0" tests="154" time="13.091" timestamp="2026-09-25T23:50:16.030992-03:00" hostname="fc9658173c2f"><testcase classname="tests.test_app_smoke" name="test_streamlit_page_starts_without_exception[app]" time="0.277" /><testcase classname="tests.test_app_smoke" name="test_streamlit_page_starts_without_exception[01_Analyse_Article]" time="0.194" /><testcase classname="tests.test_app_smoke" name="test_streamlit_page_starts_without_exception[02_Model_Performance]" time="0.373" /><testcase classname="tests.test_app_smoke" name="test_streamlit_page_starts_without_exception[03_Dataset_EDA]" time="0.163" /><testcase classname="tests.test_app_smoke" name="test_streamlit_page_starts_without_exception[04_Analysis_History]" time="0.185" /><testcase classname="tests.test_app_smoke" name="test_streamlit_page_starts_without_exception[05_Research_About]" time="0.165" /><testcase classname="tests.test_article_extractor" name="test_public_unicast_dns_answers_are_accepted[93.184.216.34]" time="0.000" /><testcase classname="tests.test_article_extractor" name="test_public_unicast_dns_answers_are_accepted[2606:2800:220:1:248:1893:25c8:1946]" time="0.001" /><testcase classname="tests.test_article_extractor" name="test_non_public_or_scoped_dns_answers_are_rejected[127.0.0.1]" time="0.000" /><testcase classname="tests.test_article_extractor" name="test_non_public_or_scoped_dns_answers_are_rejected[::1]" time="0.001" /><testcase classname="tests.test_article_extractor" name="test_non_public_or_scoped_dns_answers_are_rejected[10.0.0.1]" time="0.000" /><testcase classname="tests.test_article_extractor" name="test_non_public_or_scoped_dns_answers_are_rejected[fc00::1]" time="0.000" /><testcase classname="tests.test_article_extractor" name="test_non_public_or_scoped_dns_answers_are_rejected[169.254.1.1]" time="0.000" /><testcase classname="tests.test_article_extractor" name="test_non_public_or_scoped_dns_answers_are_rejected[fe80::1]" time="0.001" /><testcase classname="tests.test_article_extractor" name="test_non_public_or_scoped_dns_answers_are_rejected[224.0.0.1]" time="0.000" /><testcase classname="tests.test_article_extractor" name="test_non_public_or_scoped_dns_answers_are_rejected[ff02::1]" time="0.000" /><testcase classname="tests.test_article_extractor" name="test_non_public_or_scoped_dns_answers_are_rejected[240.0.0.1]" time="0.000" /><testcase classname="tests.test_article_extractor" name="test_non_public_or_scoped_dns_answers_are_rejected[::]" time="0.000" /><testcase classname="tests.test_article_extractor" name="test_non_public_or_scoped_dns_answers_are_rejected[100.64.0.1]" time="0.000" /><testcase classname="tests.test_article_extractor" name="test_non_public_or_scoped_dns_answers_are_rejected[::ffff:127.0.0.1]" time="0.000" /><testcase classname="tests.test_article_extractor" name="test_non_public_or_scoped_dns_answers_are_rejected[169.254.169.254]" time="0.000" /><testcase classname="tests.test_article_extractor" name="test_non_public_or_scoped_dns_answers_are_rejected[fe80::1%eth0]" time="0.000" /><testcase classname="tests.test_article_extractor" name="test_mixed_dns_answers_fail_closed" time="0.000" /><testcase classname="tests.test_article_extractor" name="test_prohibited_schemes_credentials_and_numeric_forms_are_rejected[not-a-url]" time="0.000" /><testcase classname="tests.test_article_extractor" name="test_prohibited_schemes_credentials_and_numeric_forms_are_rejected[file:///etc/passwd]" time="0.000" /><testcase classname="tests.test_article_extractor" name="test_prohibited_schemes_credentials_and_numeric_forms_are_rejected[ftp://example.test/a]" time="0.000" /><testcase classname="tests.test_article_extractor" name="test_prohibited_schemes_credentials_and_numeric_forms_are_rejected[gopher://example.test/a]" time="0.000" /><testcase classname="tests.test_article_extractor" name="test_prohibited_schemes_credentials_and_numeric_forms_are_rejected[http://user:secret@example.test/]" time="0.000" /><testcase classname="tests.test_article_extractor" name="test_prohibited_schemes_credentials_and_numeric_forms_are_rejected[http://localhost/admin]" time="0.000" /><testcase classname="tests.test_article_extractor" name="test_prohibited_schemes_credentials_and_numeric_forms_are_rejected[http://2130706433/]" time="0.000" /><testcase classname="tests.test_article_extractor" name="test_prohibited_schemes_credentials_and_numeric_forms_are_rejected[http://0x7f000001/]" time="0.000" /><testcase classname="tests.test_article_extractor" name="test_prohibited_schemes_credentials_and_numeric_forms_are_rejected[http://0177.0.0.1/]" time="0.000" /><testcase classname="tests.test_article_extractor" name="test_prohibited_schemes_credentials_and_numeric_forms_are_rejected[http://0x7f.0.0.1/]" time="0.000" /><testcase classname="tests.test_article_extractor" name="test_prohibited_schemes_credentials_and_numeric_forms_are_rejected[http://127.1/]" time="0.000" /><testcase classname="tests.test_article_extractor" name="test_prohibited_schemes_credentials_and_numeric_forms_are_rejected[http://[fe80::1%25eth0]/]" time="0.000" /><testcase classname="tests.test_article_extractor" name="test_bound_adapter_uses_only_approved_ip_and_preserves_hostname" time="0.001" /><testcase classname="tests.test_article_extractor" name="test_peer_mismatch_or_missing_identity_fails_before_http_data[93.184.216.35]" time="0.000" /><testcase classname="tests.test_article_extractor" name="test_peer_mismatch_or_missing_identity_fails_before_http_data[None]" time="0.000" /><testcase classname="tests.test_article_extractor" name="test_dns_rebinding_second_lookup_cannot_choose_connection" time="0.000" /><testcase classname="tests.test_article_extractor" name="test_multiple_addresses_retry_in_vetted_order_without_pool_reuse" time="0.001" /><testcase classname="tests.test_article_extractor" name="test_host_timeout_tls_verification_and_proxy_controls" time="0.001" /><testcase classname="tests.test_article_extractor" name="test_private_or_multicast_redirect_is_blocked_before_second_request[http://127.0.0.1/admin]" time="0.000" /><testcase classname="tests.test_article_extractor" name="test_private_or_multicast_redirect_is_blocked_before_second_request[http://224.0.0.1/admin]" time="0.001" /><testcase classname="tests.test_article_extractor" name="test_safe_redirect_is_freshly_resolved_and_bound" time="0.001" /><testcase classname="tests.test_article_extractor" name="test_redirect_loop_and_limit_remain_enforced" time="0.002" /><testcase classname="tests.test_article_extractor" name="test_size_limit_and_sanitized_network_error" time="0.001" /><testcase classname="tests.test_article_extractor" name="test_non_html_content_is_rejected" time="0.000" /><testcase classname="tests.test_article_extractor" name="test_extract_article_with_mocked_html" time="0.319" /><testcase classname="tests.test_database" name="test_database_crud_and_duplicate_detection" time="0.006" /><testcase classname="tests.test_database" name="test_clear_history" time="0.004" /><testcase classname="tests.test_database" name="test_editorial_review_update_is_scoped_and_validated" time="0.003" /><testcase classname="tests.test_editorial_ui" name="test_local_editorial_assets_exist_and_are_attributed" time="0.000" /><testcase classname="tests.test_editorial_ui" name="test_theme_contains_required_warm_design_tokens" time="0.000" /><testcase classname="tests.test_editorial_ui" name="test_theme_uses_only_approved_editorial_palette" time="0.000" /><testcase classname="tests.test_editorial_ui" name="test_navigation_exposes_every_working_page" time="0.000" /><testcase classname="tests.test_editorial_ui" name="test_every_page_uses_the_shared_editorial_shell" time="0.000" /><testcase classname="tests.test_editorial_ui" name="test_interface_keeps_responsible_prediction_language" time="0.000" /><testcase classname="tests.test_exports" name="test_json_export_round_trip" time="0.000" /><testcase classname="tests.test_exports" name="test_pdf_export_opens" time="0.055" /><testcase classname="tests.test_exports" name="test_pdf_export_escapes_reportlab_markup" time="0.006" /><testcase classname="tests.test_exports" name="test_archive_csv_neutralises_formula_injection" time="0.002" /><testcase classname="tests.test_file_parser" name="test_txt_file_upload" time="0.000" /><testcase classname="tests.test_file_parser" name="test_bad_uploads_are_rejected[empty.txt-]" time="0.000" /><testcase classname="tests.test_file_parser" name="test_bad_uploads_are_rejected[image.png-not an article]" time="0.000" /><testcase classname="tests.test_file_parser" name="test_upload_filename_traversal_is_rejected[../article.txt]" time="0.000" /><testcase classname="tests.test_file_parser" name="test_upload_filename_traversal_is_rejected[folder/article.txt]" time="0.000" /><testcase classname="tests.test_file_parser" name="test_upload_filename_traversal_is_rejected[C:\\\\temp\\\\article.txt]" time="0.000" /><testcase classname="tests.test_file_parser" name="test_upload_filename_traversal_is_rejected[..]" time="0.000" /><testcase classname="tests.test_placement_enhancements" name="test_controlled_benchmark_has_three_candidates_and_no_partition_leakage" time="0.000" /><testcase classname="tests.test_placement_enhancements" name="test_calibration_improves_locked_brier_and_ece" time="0.001" /><testcase classname="tests.test_placement_enhancements" name="test_input_diagnostics_expose_vocabulary_and_scope_signals" time="0.164" /><testcase classname="tests.test_placement_enhancements" name="test_drift_reports_insufficient_observations_before_minimum" time="0.001" /><testcase classname="tests.test_placement_enhancements" name="test_drift_uses_only_aggregate_analysis_fields" time="0.002" /><testcase classname="tests.test_placement_enhancements" name="test_analytics_export_excludes_articles_notes_urls_and_identifiers" time="0.002" /><testcase classname="tests.test_placement_enhancements" name="test_review_statuses_are_fixed_and_supporting_urls_fail_closed" time="0.000" /><testcase classname="tests.test_prediction" name="test_packaged_model_loads_and_is_calibration_bound" time="0.034" /><testcase classname="tests.test_prediction" name="test_visible_mismatches_produce_contradicting_outcome" time="0.032" /><testcase classname="tests.test_prediction" name="test_missing_fact_blocks_force_editorial_review" time="0.038" /><testcase classname="tests.test_prediction" name="test_missing_model_has_actionable_error" time="0.001" /><testcase classname="tests.test_preprocessing" name="test_cleaning_removes_urls_controls_and_source_shortcuts" time="0.000" /><testcase classname="tests.test_preprocessing" name="test_cleaning_normalizes_line_boundaries[empty]" time="0.000" /><testcase classname="tests.test_preprocessing" name="test_cleaning_normalizes_line_boundaries[single-line]" time="0.000" /><testcase classname="tests.test_preprocessing" name="test_cleaning_normalizes_line_boundaries[lf]" time="0.000" /><testcase classname="tests.test_preprocessing" name="test_cleaning_normalizes_line_boundaries[crlf]" time="0.000" /><testcase classname="tests.test_preprocessing" name="test_cleaning_normalizes_line_boundaries[standalone-cr]" time="0.000" /><testcase classname="tests.test_preprocessing" name="test_cleaning_normalizes_line_boundaries[boundary-whitespace]" time="0.000" /><testcase classname="tests.test_preprocessing" name="test_cleaning_normalizes_line_boundaries[form-feed-and-vertical-tab]" time="0.000" /><testcase classname="tests.test_preprocessing" name="test_cleaning_normalizes_line_boundaries[unicode-boundaries]" time="0.000" /><testcase classname="tests.test_preprocessing" name="test_cleaning_normalizes_line_boundaries[unicode-internal]" time="0.000" /><testcase classname="tests.test_preprocessing" name="test_cleaning_normalizes_line_boundaries[blank-line-limit]" time="0.000" /><testcase classname="tests.test_preprocessing" name="test_cleaning_normalizes_line_boundaries[leading-and-trailing]" time="0.000" /><testcase classname="tests.test_preprocessing" name="test_cleaning_normalizes_line_boundaries[paragraphs-and-punctuation]" time="0.000" /><testcase classname="tests.test_preprocessing" name="test_cleaning_normalizes_line_boundaries[normalized]" time="0.000" /><testcase classname="tests.test_preprocessing" name="test_cleaning_line_normalization_is_idempotent[Alpha\r\nBeta]" time="0.000" /><testcase classname="tests.test_preprocessing" name="test_cleaning_line_normalization_is_idempotent[Alpha\rBeta]" time="0.000" /><testcase classname="tests.test_preprocessing" name="test_cleaning_line_normalization_is_idempotent[Alpha \t\n\n \u2003Beta]" time="0.000" /><testcase classname="tests.test_preprocessing" name="test_cleaning_line_normalization_is_idempotent[First.\n\n\nSecond!]" time="0.000" /><testcase classname="tests.test_preprocessing" name="test_line_normalization_preserves_sentence_splitting" time="0.000" /><testcase classname="tests.test_preprocessing" name="test_sentence_boundary_semantics_are_preserved[empty]" time="0.000" /><testcase classname="tests.test_preprocessing" name="test_sentence_boundary_semantics_are_preserved[single-sentence]" time="0.000" /><testcase classname="tests.test_preprocessing" name="test_sentence_boundary_semantics_are_preserved[period-question-exclamation-semicolon]" time="0.000" /><testcase classname="tests.test_preprocessing" name="test_sentence_boundary_semantics_are_preserved[repeated-punctuation]" time="0.000" /><testcase classname="tests.test_preprocessing" name="test_sentence_boundary_semantics_are_preserved[one-space]" time="0.000" /><testcase classname="tests.test_preprocessing" name="test_sentence_boundary_semantics_are_preserved[multiple-spaces]" time="0.000" /><testcase classname="tests.test_preprocessing" name="test_sentence_boundary_semantics_are_preserved[ascii-and-unicode-whitespace]" time="0.000" /><testcase classname="tests.test_preprocessing" name="test_sentence_boundary_semantics_are_preserved[existing-abbreviation-behaviour]" time="0.000" /><testcase classname="tests.test_preprocessing" name="test_sentence_boundary_semantics_are_preserved[initial-and-decimal]" time="0.000" /><testcase classname="tests.test_preprocessing" name="test_sentence_boundary_semantics_are_preserved[quoted-sentence]" time="0.000" /><testcase classname="tests.test_preprocessing" name="test_sentence_boundary_semantics_are_preserved[parenthesized-sentence]" time="0.000" /><testcase classname="tests.test_preprocessing" name="test_sentence_boundary_semantics_are_preserved[unicode-content]" time="0.000" /><testcase classname="tests.test_preprocessing" name="test_sentence_boundary_semantics_are_preserved[no-boundary]" time="0.000" /><testcase classname="tests.test_preprocessing" name="test_sentence_boundary_input_is_normalized_to_single_spaces" time="0.000" /><testcase classname="tests.test_preprocessing" name="test_sentence_order_and_repeat_preprocessing_are_stable" time="0.000" /><testcase classname="tests.test_preprocessing" name="test_sentence_split_preserves_a_very_long_sentence" time="0.028" /><testcase classname="tests.test_preprocessing" name="test_sentence_split_handles_large_adversarial_inputs_without_delay[spaces-after-punctuation]" time="0.006" /><testcase classname="tests.test_preprocessing" name="test_sentence_split_handles_large_adversarial_inputs_without_delay[whitespace-without-punctuation]" time="0.007" /><testcase classname="tests.test_preprocessing" name="test_sentence_split_handles_large_adversarial_inputs_without_delay[abbreviation-like-fragments]" time="0.057" /><testcase classname="tests.test_preprocessing" name="test_sentence_split_handles_large_adversarial_inputs_without_delay[punctuation-and-spaces]" time="0.040" /><testcase classname="tests.test_preprocessing" name="test_sentence_split_handles_large_adversarial_inputs_without_delay[normalized-article]" time="0.079" /><testcase classname="tests.test_preprocessing" name="test_sentence_split_handles_large_adversarial_inputs_without_delay[unicode-whitespace]" time="0.058" /><testcase classname="tests.test_preprocessing" name="test_sentence_split_handles_large_adversarial_inputs_without_delay[no-split-point]" time="0.056" /><testcase classname="tests.test_preprocessing" name="test_sentence_split_handles_large_adversarial_inputs_without_delay[alternating-boundaries]" time="0.071" /><testcase classname="tests.test_preprocessing" name="test_sentence_split_runtime_growth_is_bounded" time="0.020" /><testcase classname="tests.test_preprocessing" name="test_cleaning_handles_large_adversarial_inputs_without_delay[carriage-return-only]" time="0.018" /><testcase classname="tests.test_preprocessing" name="test_cleaning_handles_large_adversarial_inputs_without_delay[spaces-without-newline]" time="0.011" /><testcase classname="tests.test_preprocessing" name="test_cleaning_handles_large_adversarial_inputs_without_delay[tabs-without-newline]" time="0.010" /><testcase classname="tests.test_preprocessing" name="test_cleaning_handles_large_adversarial_inputs_without_delay[alternating-whitespace-newline]" time="0.029" /><testcase classname="tests.test_preprocessing" name="test_cleaning_handles_large_adversarial_inputs_without_delay[blank-line-run]" time="0.039" /><testcase classname="tests.test_preprocessing" name="test_cleaning_handles_large_adversarial_inputs_without_delay[large-crlf]" time="0.033" /><testcase classname="tests.test_preprocessing" name="test_cleaning_handles_large_adversarial_inputs_without_delay[ordinary-article]" time="0.094" /><testcase classname="tests.test_preprocessing" name="test_cleaning_handles_large_adversarial_inputs_without_delay[unicode-whitespace]" time="0.009" /><testcase classname="tests.test_preprocessing" name="test_carriage_return_runtime_growth_is_bounded" time="0.096" /><testcase classname="tests.test_preprocessing" name="test_model_text_and_sentence_split_are_deterministic" time="0.001" /><testcase classname="tests.test_preprocessing" name="test_statistics_and_hash_normalisation" time="0.000" /><testcase classname="tests.test_release_policy" name="test_proprietary_ownership_package_and_synthetic_artifacts_are_complete" time="0.000" /><testcase classname="tests.test_release_policy" name="test_citation_and_interface_identify_the_owner_and_synthetic_signal" time="0.000" /><testcase classname="tests.test_release_policy" name="test_runtime_entrypoints_do_not_import_training_modules" time="0.028" /><testcase classname="tests.test_release_policy" name="test_public_release_audit_passes_safe_fixture_with_only_deployment_gate" time="0.034" /><testcase classname="tests.test_release_policy" name="test_public_release_audit_preserves_deployment_gate_exit" time="0.030" /><testcase classname="tests.test_release_policy" name="test_public_release_audit_fails_closed_without_leaking_secret" time="0.028" /><testcase classname="tests.test_release_policy" name="test_public_release_audit_rejects_model_binding_mismatch" time="0.025" /><testcase classname="tests.test_summarization" name="test_extractive_summary_compresses_and_preserves_order" time="0.003" /><testcase classname="tests.test_summarization" name="test_summary_length_control" time="0.003" /><testcase classname="tests.test_summarization" name="test_empty_and_long_inputs_do_not_crash" time="0.010" /><testcase classname="tests.test_synthetic_benchmark" name="test_small_generation_is_byte_deterministic" time="0.089" /><testcase classname="tests.test_synthetic_benchmark" name="test_full_release_count_and_split_contract" time="6.797" /><testcase classname="tests.test_synthetic_benchmark" name="test_mutated_value_pools_are_label_symmetric" time="1.127" /><testcase classname="tests.test_synthetic_benchmark" name="test_archive_writer_is_byte_deterministic" time="0.058" /><testcase classname="tests.test_synthetic_benchmark" name="test_committed_archive_matches_manifests_and_audit" time="0.217" /><testcase classname="tests.test_synthetic_model_training" name="test_authoritative_archive_identity" time="0.015" /><testcase classname="tests.test_synthetic_model_training" name="test_authored_splits_are_group_safe" time="0.499" /><testcase classname="tests.test_synthetic_model_training" name="test_signal_extraction_depends_on_visible_fields" time="0.000" /><testcase classname="tests.test_synthetic_model_training" name="test_public_calibration_is_bound_to_exact_model" time="0.000" /><testcase classname="tests.test_synthetic_model_training" name="test_locked_metrics_and_shortcut_controls_are_recorded" time="0.000" /></testsuite></testsuites>