<?xml version="1.0" encoding="utf-8"?><testsuites name="pytest tests"><testsuite name="pytest" errors="0" failures="0" skipped="0" tests="56" time="5.901" timestamp="2026-08-24T19:08:01.014889-04:00" hostname="ce44f6d065a9"><testcase classname="tests.test_app_smoke" name="test_streamlit_page_starts_without_exception[app]" time="0.361" /><testcase classname="tests.test_app_smoke" name="test_streamlit_page_starts_without_exception[01_Analyse_Article]" time="0.197" /><testcase classname="tests.test_app_smoke" name="test_streamlit_page_starts_without_exception[02_Model_Performance]" time="1.523" /><testcase classname="tests.test_app_smoke" name="test_streamlit_page_starts_without_exception[03_Dataset_EDA]" time="0.913" /><testcase classname="tests.test_app_smoke" name="test_streamlit_page_starts_without_exception[04_Analysis_History]" time="0.161" /><testcase classname="tests.test_app_smoke" name="test_streamlit_page_starts_without_exception[05_Research_About]" time="0.145" /><testcase classname="tests.test_article_extractor" name="test_rejects_invalid_private_and_obfuscated_urls" time="0.001" /><testcase classname="tests.test_article_extractor" name="test_public_redirect_to_private_address_is_blocked" time="0.036" /><testcase classname="tests.test_article_extractor" name="test_redirect_loop_is_blocked" time="0.001" /><testcase classname="tests.test_article_extractor" name="test_dns_peer_change_is_blocked_when_socket_is_available" time="0.000" /><testcase classname="tests.test_article_extractor" name="test_response_size_limit_is_enforced_before_body_read" time="0.000" /><testcase classname="tests.test_article_extractor" name="test_extract_article_with_mocked_html" time="0.435" /><testcase classname="tests.test_database" name="test_database_crud_and_duplicate_detection" time="0.033" /><testcase classname="tests.test_database" name="test_clear_history" time="0.023" /><testcase classname="tests.test_database" name="test_editorial_review_update_is_scoped_and_validated" time="0.037" /><testcase classname="tests.test_editorial_ui" name="test_local_editorial_assets_exist_and_are_attributed" time="0.000" /><testcase classname="tests.test_editorial_ui" name="test_theme_contains_required_warm_design_tokens" time="0.000" /><testcase classname="tests.test_editorial_ui" name="test_theme_uses_only_approved_editorial_palette" time="0.000" /><testcase classname="tests.test_editorial_ui" name="test_navigation_exposes_every_working_page" time="0.000" /><testcase classname="tests.test_editorial_ui" name="test_every_page_uses_the_shared_editorial_shell" time="0.000" /><testcase classname="tests.test_editorial_ui" name="test_interface_keeps_responsible_prediction_language" time="0.000" /><testcase classname="tests.test_exports" name="test_json_export_round_trip" time="0.000" /><testcase classname="tests.test_exports" name="test_pdf_export_opens" time="0.061" /><testcase classname="tests.test_exports" name="test_pdf_export_escapes_reportlab_markup" time="0.009" /><testcase classname="tests.test_exports" name="test_archive_csv_neutralises_formula_injection" time="0.002" /><testcase classname="tests.test_file_parser" name="test_txt_file_upload" time="0.000" /><testcase classname="tests.test_file_parser" name="test_bad_uploads_are_rejected[empty.txt-]" time="0.000" /><testcase classname="tests.test_file_parser" name="test_bad_uploads_are_rejected[image.png-not an article]" time="0.000" /><testcase classname="tests.test_file_parser" name="test_upload_filename_traversal_is_rejected[../article.txt]" time="0.000" /><testcase classname="tests.test_file_parser" name="test_upload_filename_traversal_is_rejected[folder/article.txt]" time="0.000" /><testcase classname="tests.test_file_parser" name="test_upload_filename_traversal_is_rejected[C:\\\\temp\\\\article.txt]" time="0.000" /><testcase classname="tests.test_file_parser" name="test_upload_filename_traversal_is_rejected[..]" time="0.000" /><testcase classname="tests.test_placement_enhancements" name="test_controlled_benchmark_has_three_candidates_and_no_partition_leakage" time="0.000" /><testcase classname="tests.test_placement_enhancements" name="test_calibration_improves_production_brier_and_ece" time="0.001" /><testcase classname="tests.test_placement_enhancements" name="test_input_diagnostics_expose_vocabulary_and_scope_signals" time="0.231" /><testcase classname="tests.test_placement_enhancements" name="test_drift_reports_insufficient_observations_before_minimum" time="0.001" /><testcase classname="tests.test_placement_enhancements" name="test_drift_uses_only_aggregate_analysis_fields" time="0.002" /><testcase classname="tests.test_placement_enhancements" name="test_analytics_export_excludes_articles_notes_urls_and_identifiers" time="0.001" /><testcase classname="tests.test_placement_enhancements" name="test_review_statuses_are_fixed_and_supporting_urls_fail_closed" time="0.000" /><testcase classname="tests.test_prediction" name="test_packaged_model_loads_without_retraining" time="0.165" /><testcase classname="tests.test_prediction" name="test_validation_selected_threshold_can_require_editorial_review" time="0.168" /><testcase classname="tests.test_prediction" name="test_missing_model_has_actionable_error" time="0.001" /><testcase classname="tests.test_preprocessing" name="test_cleaning_removes_urls_controls_and_source_shortcuts" time="0.000" /><testcase classname="tests.test_preprocessing" name="test_model_text_and_sentence_split_are_deterministic" time="0.001" /><testcase classname="tests.test_preprocessing" name="test_statistics_and_hash_normalisation" time="0.000" /><testcase classname="tests.test_release_policy" name="test_proprietary_ownership_package_is_complete" time="0.000" /><testcase classname="tests.test_release_policy" name="test_citation_metadata_identifies_the_confirmed_author_without_fake_ids" time="0.000" /><testcase classname="tests.test_release_policy" name="test_streamlit_and_web_show_required_attribution" time="0.000" /><testcase classname="tests.test_release_policy" name="test_model_stays_git_ignored_and_public_deployment_is_blocked" time="0.000" /><testcase classname="tests.test_release_policy" name="test_runtime_entrypoints_do_not_import_training_modules" time="0.027" /><testcase classname="tests.test_release_policy" name="test_internal_streamlit_navigation_has_no_new_tab_mechanisms" time="0.001" /><testcase classname="tests.test_release_policy" name="test_web_embed_has_origin_policy_headers_and_sandbox" time="0.000" /><testcase classname="tests.test_release_policy" name="test_public_environment_examples_contain_no_secret_values" time="0.000" /><testcase classname="tests.test_summarization" name="test_extractive_summary_compresses_and_preserves_order" time="0.003" /><testcase classname="tests.test_summarization" name="test_summary_length_control" time="0.004" /><testcase classname="tests.test_summarization" name="test_empty_and_long_inputs_do_not_crash" time="0.010" /></testsuite></testsuites>